Traceback (most recent call last):
  File "/Users/phykc/anaconda3/lib/python3.10/site-packages/jupyter_cache/executors/utils.py", line 58, in single_nb_execution
    executenb(
  File "/Users/phykc/anaconda3/lib/python3.10/site-packages/nbclient/client.py", line 1305, in execute
    return NotebookClient(nb=nb, resources=resources, km=km, **kwargs).execute()
  File "/Users/phykc/anaconda3/lib/python3.10/site-packages/jupyter_core/utils/__init__.py", line 165, in wrapped
    return loop.run_until_complete(inner)
  File "/Users/phykc/anaconda3/lib/python3.10/asyncio/base_events.py", line 649, in run_until_complete
    return future.result()
  File "/Users/phykc/anaconda3/lib/python3.10/site-packages/nbclient/client.py", line 705, in async_execute
    await self.async_execute_cell(
  File "/Users/phykc/anaconda3/lib/python3.10/site-packages/nbclient/client.py", line 1058, in async_execute_cell
    await self._check_raise_for_error(cell, cell_index, exec_reply)
  File "/Users/phykc/anaconda3/lib/python3.10/site-packages/nbclient/client.py", line 914, in _check_raise_for_error
    raise CellExecutionError.from_cell_and_msg(cell, exec_reply_content)
nbclient.exceptions.CellExecutionError: An error occurred while executing the following cell:
------------------
import numpy as np
import matplotlib.pyplot as plt

def Q_scaling(L, Lc=1e-6, a=1):
    """
    Returns Q ~ a*L^2 when L < Lc (ballistic),
             a*L     when L >= Lc (diffusive-like)
    """
    return np.where(L < Lc, a * L**2, a * L)

L = np.logspace(-9, 1, 200)  # 1 nm to 1 cm
Q_vals = Q(L)

plt.loglog(L, Q_vals)
plt.xlabel("L / m")
plt.ylabel("Q / $Q_0$")
plt.title("Size-dependent thermal transport")
plt.grid(True, which='both')
plt.show()
------------------


[0;31m---------------------------------------------------------------------------[0m
[0;31mNameError[0m                                 Traceback (most recent call last)
Cell [0;32mIn[1], line 12[0m
[1;32m      9[0m     [38;5;28;01mreturn[39;00m np[38;5;241m.[39mwhere(L [38;5;241m<[39m Lc, a [38;5;241m*[39m L[38;5;241m*[39m[38;5;241m*[39m[38;5;241m2[39m, a [38;5;241m*[39m L)
[1;32m     11[0m L [38;5;241m=[39m np[38;5;241m.[39mlogspace([38;5;241m-[39m[38;5;241m9[39m, [38;5;241m1[39m, [38;5;241m200[39m)  [38;5;66;03m# 1 nm to 1 cm[39;00m
[0;32m---> 12[0m Q_vals [38;5;241m=[39m [43mQ[49m(L)
[1;32m     14[0m plt[38;5;241m.[39mloglog(L, Q_vals)
[1;32m     15[0m plt[38;5;241m.[39mxlabel([38;5;124m"[39m[38;5;124mL / m[39m[38;5;124m"[39m)

[0;31mNameError[0m: name 'Q' is not defined

